<?xml version="1.0" encoding="UTF-8"?>
<testsuite xmlns:xsi="http://www.w3.org/2001/XMLSchema-instance" xsi:noNamespaceSchemaLocation="https://maven.apache.org/surefire/maven-surefire-plugin/xsd/surefire-test-report-3.0.xsd" version="3.0" name="com.pimsmart.V1.PimApplicationTests" time="7.11" tests="1" errors="0" skipped="0" failures="0">
  <properties>
[...]
</properties>
  <testcase name="contextLoads" classname="com.pimsmart.V1.PimApplicationTests" time="0.397">
    <system-out><![CDATA[20:20:27.264 [main] INFO org.springframework.test.context.support.AnnotationConfigContextLoaderUtils -- Could not detect default configuration classes for test class [com.pimsmart.V1.PimApplicationTests]: PimApplicationTests does not declare any static, non-private, non-final, nested classes annotated with @Configuration.
20:20:27.376 [main] INFO org.springframework.boot.test.context.SpringBootTestContextBootstrapper -- Found @SpringBootConfiguration com.pimsmart.V1.PimApplication for test class com.pimsmart.V1.PimApplicationTests

  .   ____          _            __ _ _
 /\\ / ___'_ __ _ _(_)_ __  __ _ \ \ \ \
( ( )\___ | '_ | '_| | '_ \/ _` | \ \ \ \
 \\/  ___)| |_)| | | | | || (_| |  ) ) ) )
  '  |____| .__|_| |_|_| |_\__, | / / / /
 =========|_|==============|___/=/_/_/_/

 :: Spring Boot ::                (v3.3.2)

2024-11-28T20:20:27.901+07:00  INFO 25924 --- [pim] [           main] com.pimsmart.V1.PimApplicationTests      : Starting PimApplicationTests using Java 22.0.2 with PID 25924 (started by Acer in C:\Users\Acer\Desktop\ProjectPim\springAPi)
2024-11-28T20:20:27.903+07:00  INFO 25924 --- [pim] [           main] com.pimsmart.V1.PimApplicationTests      : No active profile set, falling back to 1 default profile: "default"
2024-11-28T20:20:29.301+07:00  INFO 25924 --- [pim] [           main] .s.d.r.c.RepositoryConfigurationDelegate : Bootstrapping Spring Data JPA repositories in DEFAULT mode.
2024-11-28T20:20:29.388+07:00  INFO 25924 --- [pim] [           main] .s.d.r.c.RepositoryConfigurationDelegate : Finished Spring Data repository scanning in 78 ms. Found 18 JPA repository interfaces.
2024-11-28T20:20:29.764+07:00  WARN 25924 --- [pim] [           main] trationDelegate$BeanPostProcessorChecker : Bean 'org.springframework.ws.config.annotation.DelegatingWsConfiguration' of type [org.springframework.ws.config.annotation.DelegatingWsConfiguration$$SpringCGLIB$$0] is not eligible for getting processed by all BeanPostProcessors (for example: not eligible for auto-proxying). The currently created BeanPostProcessor [annotationActionEndpointMapping] is declared through a non-static factory method on that class; consider declaring it as static instead.
2024-11-28T20:20:29.787+07:00  INFO 25924 --- [pim] [           main] .w.s.a.s.AnnotationActionEndpointMapping : Supporting [WS-Addressing August 2004, WS-Addressing 1.0]
2024-11-28T20:20:30.003+07:00  INFO 25924 --- [pim] [           main] o.hibernate.jpa.internal.util.LogHelper  : HHH000204: Processing PersistenceUnitInfo [name: default]
2024-11-28T20:20:30.084+07:00  INFO 25924 --- [pim] [           main] org.hibernate.Version                    : HHH000412: Hibernate ORM core version 6.5.2.Final
2024-11-28T20:20:30.123+07:00  INFO 25924 --- [pim] [           main] o.h.c.internal.RegionFactoryInitiator    : HHH000026: Second-level cache disabled
2024-11-28T20:20:30.405+07:00  INFO 25924 --- [pim] [           main] o.s.o.j.p.SpringPersistenceUnitInfo      : No LoadTimeWeaver setup: ignoring JPA class transformer
2024-11-28T20:20:30.433+07:00  INFO 25924 --- [pim] [           main] com.zaxxer.hikari.HikariDataSource       : HikariPool-1 - Starting...
2024-11-28T20:20:30.592+07:00  INFO 25924 --- [pim] [           main] com.zaxxer.hikari.pool.HikariPool        : HikariPool-1 - Added connection org.postgresql.jdbc.PgConnection@470f0637
2024-11-28T20:20:30.593+07:00  INFO 25924 --- [pim] [           main] com.zaxxer.hikari.HikariDataSource       : HikariPool-1 - Start completed.
2024-11-28T20:20:30.632+07:00  WARN 25924 --- [pim] [           main] org.hibernate.orm.deprecation            : HHH90000025: PostgreSQLDialect does not need to be specified explicitly using 'hibernate.dialect' (remove the property setting and it will be selected by default)
2024-11-28T20:20:31.332+07:00  INFO 25924 --- [pim] [           main] o.h.m.i.EntityInstantiatorPojoStandard   : HHH000182: No default (no-argument) constructor for class: com.pimsmart.V1.entities.User.RankinActivitykEntities (class must be instantiated by Interceptor)
2024-11-28T20:20:31.502+07:00  INFO 25924 --- [pim] [           main] o.h.e.t.j.p.i.JtaPlatformInitiator       : HHH000489: No JTA platform available (set 'hibernate.transaction.jta.platform' to enable JTA platform integration)
2024-11-28T20:20:31.553+07:00  INFO 25924 --- [pim] [           main] j.LocalContainerEntityManagerFactoryBean : Initialized JPA EntityManagerFactory for persistence unit 'default'
2024-11-28T20:20:32.291+07:00  INFO 25924 --- [pim] [           main] o.s.d.j.r.query.QueryEnhancerFactory     : Hibernate is in classpath; If applicable, HQL parser will be used.
2024-11-28T20:20:33.063+07:00  WARN 25924 --- [pim] [           main] JpaBaseConfiguration$JpaWebConfiguration : spring.jpa.open-in-view is enabled by default. Therefore, database queries may be performed during view rendering. Explicitly configure spring.jpa.open-in-view to disable this warning
2024-11-28T20:20:33.088+07:00  INFO 25924 --- [pim] [           main] r$InitializeUserDetailsManagerConfigurer : Global AuthenticationManager configured with UserDetailsService bean with name customUserDetailsService
2024-11-28T20:20:33.805+07:00  INFO 25924 --- [pim] [           main] com.pimsmart.V1.PimApplicationTests      : Started PimApplicationTests in 6.281 seconds (process running for 7.212)
]]></system-out>
    <system-err><![CDATA[WARNING: A Java agent has been loaded dynamically (C:\Users\Acer\.m2\repository\net\bytebuddy\byte-buddy-agent\1.14.18\byte-buddy-agent-1.14.18.jar)
WARNING: If a serviceability tool is in use, please run with -XX:+EnableDynamicAgentLoading to hide this warning
WARNING: If a serviceability tool is not in use, please run with -Djdk.instrument.traceUsage for more information
WARNING: Dynamic loading of agents will be disallowed by default in a future release
]]></system-err>
  </testcase>
</testsuite>